<?xml version="1.0" encoding="UTF-8"?>
<testsuite xmlns:xsi="http://www.w3.org/2001/XMLSchema-instance" xsi:noNamespaceSchemaLocation="https://maven.apache.org/surefire/maven-surefire-plugin/xsd/surefire-test-report.xsd" name="com.qiyao.AppTest" time="0.002" tests="0" errors="0" skipped="0" failures="0">
  <properties>
    <property name="java.specification.version" value="19"/>
    <property name="sun.cpu.isalist" value="amd64"/>
    <property name="sun.jnu.encoding" value="GBK"/>
    <property name="java.class.path" value="D:\code\core-project\yaoyu-frame\yaoyu-common\yaoyu-common-mybatisplus\target\test-classes;D:\code\core-project\yaoyu-frame\yaoyu-common\yaoyu-common-mybatisplus\target\classes;D:\soft\apache-maven-3.6.1\repository\org\springframework\boot\spring-boot-starter-jdbc\3.0.4\spring-boot-starter-jdbc-3.0.4.jar;D:\soft\apache-maven-3.6.1\repository\org\springframework\boot\spring-boot-starter\2.7.1\spring-boot-starter-2.7.1.jar;D:\soft\apache-maven-3.6.1\repository\org\springframework\boot\spring-boot\2.7.1\spring-boot-2.7.1.jar;D:\soft\apache-maven-3.6.1\repository\org\springframework\spring-context\5.3.21\spring-context-5.3.21.jar;D:\soft\apache-maven-3.6.1\repository\org\springframework\spring-aop\5.3.21\spring-aop-5.3.21.jar;D:\soft\apache-maven-3.6.1\repository\org\springframework\spring-expression\5.3.21\spring-expression-5.3.21.jar;D:\soft\apache-maven-3.6.1\repository\org\springframework\boot\spring-boot-starter-logging\2.7.1\spring-boot-starter-logging-2.7.1.jar;D:\soft\apache-maven-3.6.1\repository\ch\qos\logback\logback-classic\1.2.11\logback-classic-1.2.11.jar;D:\soft\apache-maven-3.6.1\repository\ch\qos\logback\logback-core\1.2.11\logback-core-1.2.11.jar;D:\soft\apache-maven-3.6.1\repository\org\apache\logging\log4j\log4j-to-slf4j\2.17.2\log4j-to-slf4j-2.17.2.jar;D:\soft\apache-maven-3.6.1\repository\org\apache\logging\log4j\log4j-api\2.17.2\log4j-api-2.17.2.jar;D:\soft\apache-maven-3.6.1\repository\org\slf4j\jul-to-slf4j\1.7.36\jul-to-slf4j-1.7.36.jar;D:\soft\apache-maven-3.6.1\repository\jakarta\annotation\jakarta.annotation-api\1.3.5\jakarta.annotation-api-1.3.5.jar;D:\soft\apache-maven-3.6.1\repository\org\springframework\spring-core\5.3.21\spring-core-5.3.21.jar;D:\soft\apache-maven-3.6.1\repository\org\springframework\spring-jcl\5.3.21\spring-jcl-5.3.21.jar;D:\soft\apache-maven-3.6.1\repository\org\yaml\snakeyaml\1.30\snakeyaml-1.30.jar;D:\soft\apache-maven-3.6.1\repository\com\zaxxer\HikariCP\4.0.3\HikariCP-4.0.3.jar;D:\soft\apache-maven-3.6.1\repository\org\springframework\spring-jdbc\5.3.21\spring-jdbc-5.3.21.jar;D:\soft\apache-maven-3.6.1\repository\org\springframework\spring-beans\5.3.21\spring-beans-5.3.21.jar;D:\soft\apache-maven-3.6.1\repository\org\springframework\spring-tx\5.3.21\spring-tx-5.3.21.jar;D:\soft\apache-maven-3.6.1\repository\com\alibaba\druid-spring-boot-starter\1.2.18\druid-spring-boot-starter-1.2.18.jar;D:\soft\apache-maven-3.6.1\repository\com\alibaba\druid\1.2.18\druid-1.2.18.jar;D:\soft\apache-maven-3.6.1\repository\org\slf4j\slf4j-api\1.7.36\slf4j-api-1.7.36.jar;D:\soft\apache-maven-3.6.1\repository\org\springframework\boot\spring-boot-autoconfigure\2.7.1\spring-boot-autoconfigure-2.7.1.jar;D:\soft\apache-maven-3.6.1\repository\org\glassfish\jaxb\jaxb-runtime\2.3.6\jaxb-runtime-2.3.6.jar;D:\soft\apache-maven-3.6.1\repository\jakarta\xml\bind\jakarta.xml.bind-api\2.3.3\jakarta.xml.bind-api-2.3.3.jar;D:\soft\apache-maven-3.6.1\repository\org\glassfish\jaxb\txw2\2.3.6\txw2-2.3.6.jar;D:\soft\apache-maven-3.6.1\repository\com\sun\istack\istack-commons-runtime\3.0.12\istack-commons-runtime-3.0.12.jar;D:\soft\apache-maven-3.6.1\repository\com\sun\activation\jakarta.activation\1.2.2\jakarta.activation-1.2.2.jar;D:\soft\apache-maven-3.6.1\repository\com\mysql\mysql-connector-j\8.0.33\mysql-connector-j-8.0.33.jar;D:\soft\apache-maven-3.6.1\repository\com\baomidou\mybatis-plus-boot-starter\3.5.3.1\mybatis-plus-boot-starter-3.5.3.1.jar;D:\soft\apache-maven-3.6.1\repository\com\baomidou\mybatis-plus\3.5.3.1\mybatis-plus-3.5.3.1.jar;D:\soft\apache-maven-3.6.1\repository\com\baomidou\mybatis-plus-extension\3.5.3.1\mybatis-plus-extension-3.5.3.1.jar;D:\soft\apache-maven-3.6.1\repository\com\baomidou\mybatis-plus-core\3.5.3.1\mybatis-plus-core-3.5.3.1.jar;D:\soft\apache-maven-3.6.1\repository\com\baomidou\mybatis-plus-annotation\3.5.3.1\mybatis-plus-annotation-3.5.3.1.jar;D:\soft\apache-maven-3.6.1\repository\com\github\jsqlparser\jsqlparser\4.4\jsqlparser-4.4.jar;D:\soft\apache-maven-3.6.1\repository\org\mybatis\mybatis\3.5.10\mybatis-3.5.10.jar;D:\soft\apache-maven-3.6.1\repository\org\mybatis\mybatis-spring\2.0.7\mybatis-spring-2.0.7.jar;D:\soft\apache-maven-3.6.1\repository\org\projectlombok\lombok\1.18.28\lombok-1.18.28.jar;"/>
    <property name="java.vm.vendor" value="Oracle Corporation"/>
    <property name="sun.arch.data.model" value="64"/>
    <property name="user.variant" value=""/>
    <property name="java.vendor.url" value="https://java.oracle.com/"/>
    <property name="user.timezone" value="Asia/Shanghai"/>
    <property name="os.name" value="Windows 11"/>
    <property name="java.vm.specification.version" value="19"/>
    <property name="sun.java.launcher" value="SUN_STANDARD"/>
    <property name="user.country" value="CN"/>
    <property name="sun.boot.library.path" value="D:\soft\jdk\bin"/>
    <property name="sun.java.command" value="C:\Users\LENOVO~1\AppData\Local\Temp\surefire15539432990284041404\surefirebooter17808779266087189751.jar C:\Users\Lenovo2022\AppData\Local\Temp\surefire15539432990284041404 2023-09-20T14-37-02_419-jvmRun1 surefire8266039787720946773tmp surefire_03363382491548255213tmp"/>
    <property name="jdk.debug" value="release"/>
    <property name="surefire.test.class.path" value="D:\code\core-project\yaoyu-frame\yaoyu-common\yaoyu-common-mybatisplus\target\test-classes;D:\code\core-project\yaoyu-frame\yaoyu-common\yaoyu-common-mybatisplus\target\classes;D:\soft\apache-maven-3.6.1\repository\org\springframework\boot\spring-boot-starter-jdbc\3.0.4\spring-boot-starter-jdbc-3.0.4.jar;D:\soft\apache-maven-3.6.1\repository\org\springframework\boot\spring-boot-starter\2.7.1\spring-boot-starter-2.7.1.jar;D:\soft\apache-maven-3.6.1\repository\org\springframework\boot\spring-boot\2.7.1\spring-boot-2.7.1.jar;D:\soft\apache-maven-3.6.1\repository\org\springframework\spring-context\5.3.21\spring-context-5.3.21.jar;D:\soft\apache-maven-3.6.1\repository\org\springframework\spring-aop\5.3.21\spring-aop-5.3.21.jar;D:\soft\apache-maven-3.6.1\repository\org\springframework\spring-expression\5.3.21\spring-expression-5.3.21.jar;D:\soft\apache-maven-3.6.1\repository\org\springframework\boot\spring-boot-starter-logging\2.7.1\spring-boot-starter-logging-2.7.1.jar;D:\soft\apache-maven-3.6.1\repository\ch\qos\logback\logback-classic\1.2.11\logback-classic-1.2.11.jar;D:\soft\apache-maven-3.6.1\repository\ch\qos\logback\logback-core\1.2.11\logback-core-1.2.11.jar;D:\soft\apache-maven-3.6.1\repository\org\apache\logging\log4j\log4j-to-slf4j\2.17.2\log4j-to-slf4j-2.17.2.jar;D:\soft\apache-maven-3.6.1\repository\org\apache\logging\log4j\log4j-api\2.17.2\log4j-api-2.17.2.jar;D:\soft\apache-maven-3.6.1\repository\org\slf4j\jul-to-slf4j\1.7.36\jul-to-slf4j-1.7.36.jar;D:\soft\apache-maven-3.6.1\repository\jakarta\annotation\jakarta.annotation-api\1.3.5\jakarta.annotation-api-1.3.5.jar;D:\soft\apache-maven-3.6.1\repository\org\springframework\spring-core\5.3.21\spring-core-5.3.21.jar;D:\soft\apache-maven-3.6.1\repository\org\springframework\spring-jcl\5.3.21\spring-jcl-5.3.21.jar;D:\soft\apache-maven-3.6.1\repository\org\yaml\snakeyaml\1.30\snakeyaml-1.30.jar;D:\soft\apache-maven-3.6.1\repository\com\zaxxer\HikariCP\4.0.3\HikariCP-4.0.3.jar;D:\soft\apache-maven-3.6.1\repository\org\springframework\spring-jdbc\5.3.21\spring-jdbc-5.3.21.jar;D:\soft\apache-maven-3.6.1\repository\org\springframework\spring-beans\5.3.21\spring-beans-5.3.21.jar;D:\soft\apache-maven-3.6.1\repository\org\springframework\spring-tx\5.3.21\spring-tx-5.3.21.jar;D:\soft\apache-maven-3.6.1\repository\com\alibaba\druid-spring-boot-starter\1.2.18\druid-spring-boot-starter-1.2.18.jar;D:\soft\apache-maven-3.6.1\repository\com\alibaba\druid\1.2.18\druid-1.2.18.jar;D:\soft\apache-maven-3.6.1\repository\org\slf4j\slf4j-api\1.7.36\slf4j-api-1.7.36.jar;D:\soft\apache-maven-3.6.1\repository\org\springframework\boot\spring-boot-autoconfigure\2.7.1\spring-boot-autoconfigure-2.7.1.jar;D:\soft\apache-maven-3.6.1\repository\org\glassfish\jaxb\jaxb-runtime\2.3.6\jaxb-runtime-2.3.6.jar;D:\soft\apache-maven-3.6.1\repository\jakarta\xml\bind\jakarta.xml.bind-api\2.3.3\jakarta.xml.bind-api-2.3.3.jar;D:\soft\apache-maven-3.6.1\repository\org\glassfish\jaxb\txw2\2.3.6\txw2-2.3.6.jar;D:\soft\apache-maven-3.6.1\repository\com\sun\istack\istack-commons-runtime\3.0.12\istack-commons-runtime-3.0.12.jar;D:\soft\apache-maven-3.6.1\repository\com\sun\activation\jakarta.activation\1.2.2\jakarta.activation-1.2.2.jar;D:\soft\apache-maven-3.6.1\repository\com\mysql\mysql-connector-j\8.0.33\mysql-connector-j-8.0.33.jar;D:\soft\apache-maven-3.6.1\repository\com\baomidou\mybatis-plus-boot-starter\3.5.3.1\mybatis-plus-boot-starter-3.5.3.1.jar;D:\soft\apache-maven-3.6.1\repository\com\baomidou\mybatis-plus\3.5.3.1\mybatis-plus-3.5.3.1.jar;D:\soft\apache-maven-3.6.1\repository\com\baomidou\mybatis-plus-extension\3.5.3.1\mybatis-plus-extension-3.5.3.1.jar;D:\soft\apache-maven-3.6.1\repository\com\baomidou\mybatis-plus-core\3.5.3.1\mybatis-plus-core-3.5.3.1.jar;D:\soft\apache-maven-3.6.1\repository\com\baomidou\mybatis-plus-annotation\3.5.3.1\mybatis-plus-annotation-3.5.3.1.jar;D:\soft\apache-maven-3.6.1\repository\com\github\jsqlparser\jsqlparser\4.4\jsqlparser-4.4.jar;D:\soft\apache-maven-3.6.1\repository\org\mybatis\mybatis\3.5.10\mybatis-3.5.10.jar;D:\soft\apache-maven-3.6.1\repository\org\mybatis\mybatis-spring\2.0.7\mybatis-spring-2.0.7.jar;D:\soft\apache-maven-3.6.1\repository\org\projectlombok\lombok\1.18.28\lombok-1.18.28.jar;"/>
    <property name="sun.cpu.endian" value="little"/>
    <property name="user.home" value="C:\Users\Lenovo2022"/>
    <property name="user.language" value="zh"/>
    <property name="java.specification.vendor" value="Oracle Corporation"/>
    <property name="java.version.date" value="2022-10-18"/>
    <property name="java.home" value="D:\soft\jdk"/>
    <property name="file.separator" value="\"/>
    <property name="basedir" value="D:\code\core-project\yaoyu-frame\yaoyu-common\yaoyu-common-mybatisplus"/>
    <property name="java.vm.compressedOopsMode" value="Zero based"/>
    <property name="line.separator" value="&#10;"/>
    <property name="java.vm.specification.vendor" value="Oracle Corporation"/>
    <property name="java.specification.name" value="Java Platform API Specification"/>
    <property name="surefire.real.class.path" value="C:\Users\LENOVO~1\AppData\Local\Temp\surefire15539432990284041404\surefirebooter17808779266087189751.jar"/>
    <property name="user.script" value=""/>
    <property name="sun.management.compiler" value="HotSpot 64-Bit Tiered Compilers"/>
    <property name="java.runtime.version" value="19.0.1+10-21"/>
    <property name="user.name" value="Lenovo2022"/>
    <property name="stdout.encoding" value="GBK"/>
    <property name="path.separator" value=";"/>
    <property name="os.version" value="10.0"/>
    <property name="java.runtime.name" value="Java(TM) SE Runtime Environment"/>
    <property name="file.encoding" value="UTF-8"/>
    <property name="java.vm.name" value="Java HotSpot(TM) 64-Bit Server VM"/>
    <property name="localRepository" value="D:\soft\apache-maven-3.6.1\repository"/>
    <property name="java.vendor.url.bug" value="https://bugreport.java.com/bugreport/"/>
    <property name="java.io.tmpdir" value="C:\Users\LENOVO~1\AppData\Local\Temp\"/>
    <property name="idea.version" value="2022.2.4"/>
    <property name="java.version" value="19.0.1"/>
    <property name="user.dir" value="D:\code\core-project\yaoyu-frame\yaoyu-common\yaoyu-common-mybatisplus"/>
    <property name="os.arch" value="amd64"/>
    <property name="java.vm.specification.name" value="Java Virtual Machine Specification"/>
    <property name="sun.os.patch.level" value=""/>
    <property name="native.encoding" value="GBK"/>
    <property name="java.library.path" value="D:\soft\jdk\bin;C:\WINDOWS\Sun\Java\bin;C:\WINDOWS\system32;C:\WINDOWS;D:\Vmware\bin\;C:\Program Files\Common Files\Oracle\Java\javapath;C:\WINDOWS\system32;C:\WINDOWS;C:\WINDOWS\System32\Wbem;C:\WINDOWS\System32\WindowsPowerShell\v1.0\;C:\WINDOWS\System32\OpenSSH\;D:\soft\jdk;C:\Program Files\MySQL\MySQL Server 8.0\bin;C:\Program Files\Bandizip\;D:\soft\MongoDB\server\6.0\bin;D:\soft\Git\cmd;D:\soft\rocketmq\bin;D:\soft\rocketmq;D:\soft\hadoop-3.1.0;D:\soft\scala\bin;D:\soft\Python\Scripts;C:\Users\Lenovo2022\go1.19.3\bin;D:\golang\bin;D:\golang\bin;%HUGO_HOME%;D:\soft\微信web开发者工具\dll;NODE_PATH;D:\soft\node.js;D:\anaconda\Scripts;D:\soft\node.js\;D:\soft\node.js\node_global\node_modules;%ERLANG_HOME%\bin;D:\Typora;D:\mysql\bin;C:\ProgramData\chocolatey\bin;D:\soft\pandoc\;D:\soft\Python\Scripts\;D:\soft\Python\;C:\Users\Lenovo2022\AppData\Local\Programs\Python\Python311\Scripts\;C:\Users\Lenovo2022\AppData\Local\Programs\Python\Python311\;C:\Users\Lenovo2022\AppData\Local\Microsoft\WindowsApps;D:\soft\jdk;D:\soft\Redis;D:\soft\Microsoft VS Code\bin;C:\Users\Lenovo2022\go\bin;C:\Users\Lenovo2022\AppData\Local\JetBrains\Toolbox\scripts;C:\Users\Lenovo2022\AppData\Roaming\npm;NODE_PATH;;."/>
    <property name="java.vm.info" value="mixed mode, sharing"/>
    <property name="stderr.encoding" value="GBK"/>
    <property name="java.vendor" value="Oracle Corporation"/>
    <property name="java.vm.version" value="19.0.1+10-21"/>
    <property name="sun.io.unicode.encoding" value="UnicodeLittle"/>
    <property name="java.class.version" value="63.0"/>
  </properties>
</testsuite>