<?xml version="1.0" encoding="UTF-8" ?>
<testsuite tests="0" failures="0" name="com.qiyao.AppTest" time="0" errors="0" skipped="0">
  <properties>
    <property name="java.runtime.name" value="Java(TM) SE Runtime Environment"/>
    <property name="idea.version" value="2022.2.4"/>
    <property name="java.vm.version" value="19.0.1+10-21"/>
    <property name="sun.boot.library.path" value="D:\soft\jdk\bin"/>
    <property name="maven.multiModuleProjectDirectory" value="D:\code\core-project\yaoyu-frame"/>
    <property name="java.vm.vendor" value="Oracle Corporation"/>
    <property name="java.vendor.url" value="https://java.oracle.com/"/>
    <property name="path.separator" value=";"/>
    <property name="guice.disable.misplaced.annotation.check" value="true"/>
    <property name="java.vm.name" value="Java HotSpot(TM) 64-Bit Server VM"/>
    <property name="user.country" value="CN"/>
    <property name="sun.java.launcher" value="SUN_STANDARD"/>
    <property name="user.script" value=""/>
    <property name="sun.os.patch.level" value=""/>
    <property name="user.dir" value="D:\code\core-project\yaoyu-frame"/>
    <property name="java.vm.compressedOopsMode" value="Zero based"/>
    <property name="java.vm.specification.name" value="Java Virtual Machine Specification"/>
    <property name="java.runtime.version" value="19.0.1+10-21"/>
    <property name="os.arch" value="amd64"/>
    <property name="java.io.tmpdir" value="C:\Users\LENOVO~1\AppData\Local\Temp\"/>
    <property name="line.separator" value="
"/>
    <property name="java.vm.specification.vendor" value="Oracle Corporation"/>
    <property name="user.variant" value=""/>
    <property name="os.name" value="Windows 11"/>
    <property name="stderr.encoding" value="UTF-8"/>
    <property name="maven.ext.class.path" value="D:\IntelliJ IDEA 2022.2.4\plugins\maven\lib\maven-event-listener.jar"/>
    <property name="classworlds.conf" value="D:\IntelliJ IDEA 2022.2.4\plugins\maven\lib\maven3\bin\m2.conf"/>
    <property name="sun.jnu.encoding" value="GBK"/>
    <property name="stdout.encoding" value="UTF-8"/>
    <property name="java.library.path" value="D:\soft\jdk\bin;C:\WINDOWS\Sun\Java\bin;C:\WINDOWS\system32;C:\WINDOWS;D:\Vmware\bin\;C:\Program Files\Common Files\Oracle\Java\javapath;C:\WINDOWS\system32;C:\WINDOWS;C:\WINDOWS\System32\Wbem;C:\WINDOWS\System32\WindowsPowerShell\v1.0\;C:\WINDOWS\System32\OpenSSH\;D:\soft\jdk;C:\Program Files\MySQL\MySQL Server 8.0\bin;C:\Program Files\Bandizip\;D:\soft\MongoDB\server\6.0\bin;D:\soft\Git\cmd;D:\soft\rocketmq\bin;D:\soft\rocketmq;D:\soft\hadoop-3.1.0;D:\soft\scala\bin;D:\soft\Python\Scripts;C:\Users\Lenovo2022\go1.19.3\bin;D:\golang\bin;D:\golang\bin;%HUGO_HOME%;D:\soft\微信web开发者工具\dll;NODE_PATH;D:\soft\node.js;D:\anaconda\Scripts;D:\soft\node.js\;D:\soft\node.js\node_global\node_modules;%ERLANG_HOME%\bin;D:\Typora;D:\mysql\bin;C:\ProgramData\chocolatey\bin;D:\soft\pandoc\;D:\tool\scala-2.13.12\bin;D:\soft\Python\Scripts\;D:\soft\Python\;C:\Users\Lenovo2022\AppData\Local\Programs\Python\Python311\Scripts\;C:\Users\Lenovo2022\AppData\Local\Programs\Python\Python311\;C:\Users\Lenovo2022\AppData\Local\Microsoft\WindowsApps;D:\soft\jdk;D:\soft\Redis;D:\soft\Microsoft VS Code\bin;C:\Users\Lenovo2022\go\bin;C:\Users\Lenovo2022\AppData\Local\JetBrains\Toolbox\scripts;C:\Users\Lenovo2022\AppData\Roaming\npm;NODE_PATH;;."/>
    <property name="maven.conf" value="D:\IntelliJ IDEA 2022.2.4\plugins\maven\lib\maven3/conf"/>
    <property name="jdk.debug" value="release"/>
    <property name="java.class.version" value="63.0"/>
    <property name="java.specification.name" value="Java Platform API Specification"/>
    <property name="sun.management.compiler" value="HotSpot 64-Bit Tiered Compilers"/>
    <property name="os.version" value="10.0"/>
    <property name="user.home" value="C:\Users\Lenovo2022"/>
    <property name="user.timezone" value="Asia/Shanghai"/>
    <property name="file.encoding" value="UTF-8"/>
    <property name="java.specification.version" value="19"/>
    <property name="java.class.path" value="D:\IntelliJ IDEA 2022.2.4\plugins\maven\lib\maven3\boot\plexus-classworlds-2.6.0.jar;D:\IntelliJ IDEA 2022.2.4\plugins\maven\lib\maven3\boot\plexus-classworlds.license"/>
    <property name="user.name" value="Lenovo2022"/>
    <property name="java.vm.specification.version" value="19"/>
    <property name="sun.arch.data.model" value="64"/>
    <property name="sun.java.command" value="org.codehaus.classworlds.Launcher -Didea.version=2022.2.4 install"/>
    <property name="java.home" value="D:\soft\jdk"/>
    <property name="user.language" value="zh"/>
    <property name="java.specification.vendor" value="Oracle Corporation"/>
    <property name="java.vm.info" value="mixed mode, sharing"/>
    <property name="java.version" value="19.0.1"/>
    <property name="native.encoding" value="GBK"/>
    <property name="java.vendor" value="Oracle Corporation"/>
    <property name="sun.stderr.encoding" value="UTF-8"/>
    <property name="maven.home" value="D:\IntelliJ IDEA 2022.2.4\plugins\maven\lib\maven3"/>
    <property name="file.separator" value="\"/>
    <property name="java.version.date" value="2022-10-18"/>
    <property name="java.vendor.url.bug" value="https://bugreport.java.com/bugreport/"/>
    <property name="sun.cpu.endian" value="little"/>
    <property name="sun.io.unicode.encoding" value="UnicodeLittle"/>
    <property name="sun.stdout.encoding" value="UTF-8"/>
    <property name="sun.cpu.isalist" value="amd64"/>
  </properties>
</testsuite>